<?xml version="1.0" encoding="UTF-8"?>
<testng-results skipped="0" failed="0" ignored="0" total="1" passed="1">
  <reporter-output>
  </reporter-output>
  <suite name="Default suite" duration-ms="22775" started-at="2019-09-10T00:25:20 IST" finished-at="2019-09-10T00:25:43 IST">
    <groups>
    </groups>
    <test name="Default test" duration-ms="22775" started-at="2019-09-10T00:25:20 IST" finished-at="2019-09-10T00:25:43 IST">
      <class name="test.zoonga.automation.SignUpTest">
        <test-method status="PASS" signature="init()[pri:0, instance:test.zoonga.automation.SignUpTest@5c5a1b69]" name="init" is-config="true" duration-ms="18335" started-at="2019-09-10T00:25:20 IST" finished-at="2019-09-10T00:25:38 IST">
          <reporter-output>
          </reporter-output>
        </test-method> <!-- init -->
        <test-method status="PASS" signature="signUp()[pri:0, instance:test.zoonga.automation.SignUpTest@5c5a1b69]" name="signUp" duration-ms="4379" started-at="2019-09-10T00:25:38 IST" finished-at="2019-09-10T00:25:43 IST">
          <reporter-output>
          </reporter-output>
        </test-method> <!-- signUp -->
        <test-method status="PASS" signature="teardown()[pri:0, instance:test.zoonga.automation.SignUpTest@5c5a1b69]" name="teardown" is-config="true" duration-ms="1" started-at="2019-09-10T00:25:43 IST" finished-at="2019-09-10T00:25:43 IST">
          <reporter-output>
          </reporter-output>
        </test-method> <!-- teardown -->
      </class> <!-- test.zoonga.automation.SignUpTest -->
    </test> <!-- Default test -->
  </suite> <!-- Default suite -->
</testng-results>
